This file contains any messages produced by compilers while
running configure, to aid debugging if configure makes a mistake.

It was created by tedit configure 0.1, which was
generated by GNU Autoconf 2.69.  Invocation command line was

  $ ./configure 

## --------- ##
## Platform. ##
## --------- ##

hostname = arch
uname -m = x86_64
uname -r = 5.5.6-zen1-1-zen
uname -s = Linux
uname -v = #1 ZEN SMP PREEMPT Mon, 24 Feb 2020 12:20:37 +0000

/usr/bin/uname -p = unknown
/bin/uname -X     = unknown

/bin/arch              = unknown
/usr/bin/arch -k       = unknown
/usr/convex/getsysinfo = unknown
/usr/bin/hostinfo      = unknown
/bin/machine           = unknown
/usr/bin/oslevel       = unknown
/bin/universe          = unknown

PATH: /home/larbs/.yarn/bin
PATH: /home/larbs/.config/yarn/global/node_modules/.bin
PATH: /home/larbs/anaconda3/bin
PATH: /usr/local/sbin
PATH: /usr/local/bin
PATH: /usr/bin
PATH: /usr/lib/jvm/default/bin
PATH: /usr/bin/site_perl
PATH: /usr/bin/vendor_perl
PATH: /usr/bin/core_perl
PATH: /home/larbs/.scripts/statusbar
PATH: /home/larbs/.scripts/tools
PATH: /home/larbs/.scripts/cron
PATH: /home/larbs/.scripts/i3cmds
PATH: /home/larbs/.scripts/Telegram
PATH: /home/larbs/.scripts/sidou_scripts/cc/.git/info
PATH: /home/larbs/.scripts/sidou_scripts/cc/.git/objects/86
PATH: /home/larbs/.scripts/sidou_scripts/cc/.git/objects/info
PATH: /home/larbs/.scripts/sidou_scripts/cc/.git/objects/pack
PATH: /home/larbs/.scripts/sidou_scripts/cc/.git/objects/a1
PATH: /home/larbs/.scripts/sidou_scripts/cc/.git/objects/e0
PATH: /home/larbs/.scripts/sidou_scripts/cc/.git/objects/16
PATH: /home/larbs/.scripts/sidou_scripts/cc/.git/objects/39
PATH: /home/larbs/.scripts/sidou_scripts/cc/.git/objects
PATH: /home/larbs/.scripts/sidou_scripts/cc/.git/logs/refs/remotes/origin
PATH: /home/larbs/.scripts/sidou_scripts/cc/.git/logs/refs/remotes
PATH: /home/larbs/.scripts/sidou_scripts/cc/.git/logs/refs/heads
PATH: /home/larbs/.scripts/sidou_scripts/cc/.git/logs/refs
PATH: /home/larbs/.scripts/sidou_scripts/cc/.git/logs
PATH: /home/larbs/.scripts/sidou_scripts/cc/.git/refs/tags
PATH: /home/larbs/.scripts/sidou_scripts/cc/.git/refs/remotes/origin
PATH: /home/larbs/.scripts/sidou_scripts/cc/.git/refs/remotes
PATH: /home/larbs/.scripts/sidou_scripts/cc/.git/refs/heads
PATH: /home/larbs/.scripts/sidou_scripts/cc/.git/refs
PATH: /home/larbs/.scripts/sidou_scripts/cc/.git/branches
PATH: /home/larbs/.scripts/sidou_scripts/cc/.git/hooks
PATH: /home/larbs/.scripts/sidou_scripts/cc/.git
PATH: /home/larbs/.scripts/sidou_scripts/cc/vms
PATH: /home/larbs/.scripts/sidou_scripts/cc
PATH: /home/larbs/.scripts/sidou_scripts/tp
PATH: /home/larbs/.scripts/sidou_scripts
PATH: /home/larbs/.scripts/
PATH: /home/larbs/Projects/flutter/bin


## ----------- ##
## Core tests. ##
## ----------- ##

configure:1827: checking for a BSD-compatible install
configure:1895: result: /usr/bin/install -c
configure:1906: checking whether build environment is sane
configure:1961: result: yes
configure:1997: WARNING: 'missing' script is too old or missing
configure:2110: checking for a thread-safe mkdir -p
configure:2149: result: /usr/bin/mkdir -p
configure:2156: checking for gawk
configure:2172: found /usr/bin/gawk
configure:2183: result: gawk
configure:2194: checking whether make sets $(MAKE)
configure:2216: result: yes
configure:2245: checking whether make supports nested variables
configure:2262: result: yes
configure:2436: checking for gcc
configure:2452: found /usr/bin/gcc
configure:2463: result: gcc
configure:2692: checking for C compiler version
configure:2701: gcc --version >&5
gcc (Arch Linux 9.2.1+20200130-2) 9.2.1 20200130
Copyright (C) 2019 Free Software Foundation, Inc.
This is free software; see the source for copying conditions.  There is NO
warranty; not even for MERCHANTABILITY or FITNESS FOR A PARTICULAR PURPOSE.

configure:2712: $? = 0
configure:2701: gcc -v >&5
Using built-in specs.
COLLECT_GCC=gcc
COLLECT_LTO_WRAPPER=/usr/lib/gcc/x86_64-pc-linux-gnu/9.2.1/lto-wrapper
Target: x86_64-pc-linux-gnu
Configured with: /build/gcc/src/gcc/configure --prefix=/usr --libdir=/usr/lib --libexecdir=/usr/lib --mandir=/usr/share/man --infodir=/usr/share/info --with-pkgversion='Arch Linux 9.2.1+20200130-2' --with-bugurl=https://bugs.archlinux.org/ --enable-languages=c,c++,ada,fortran,go,lto,objc,obj-c++,d --enable-shared --enable-threads=posix --with-system-zlib --with-isl --enable-__cxa_atexit --disable-libunwind-exceptions --enable-clocale=gnu --disable-libstdcxx-pch --disable-libssp --enable-gnu-unique-object --enable-linker-build-id --enable-lto --enable-plugin --enable-install-libiberty --with-linker-hash-style=gnu --enable-gnu-indirect-function --enable-multilib --disable-werror --enable-checking=release --enable-default-pie --enable-default-ssp --enable-cet=auto gdc_include_dir=/usr/include/dlang/gdc
Thread model: posix
gcc version 9.2.1 20200130 (Arch Linux 9.2.1+20200130-2) 
configure:2712: $? = 0
configure:2701: gcc -V >&5
gcc: error: unrecognized command line option '-V'
gcc: fatal error: no input files
compilation terminated.
configure:2712: $? = 1
configure:2701: gcc -qversion >&5
gcc: error: unrecognized command line option '-qversion'; did you mean '--version'?
gcc: fatal error: no input files
compilation terminated.
configure:2712: $? = 1
configure:2732: checking whether the C compiler works
configure:2754: gcc    conftest.c  >&5
configure:2758: $? = 0
configure:2806: result: yes
configure:2809: checking for C compiler default output file name
configure:2811: result: a.out
configure:2817: checking for suffix of executables
configure:2824: gcc -o conftest    conftest.c  >&5
configure:2828: $? = 0
configure:2850: result: 
configure:2872: checking whether we are cross compiling
configure:2880: gcc -o conftest    conftest.c  >&5
configure:2884: $? = 0
configure:2891: ./conftest
configure:2895: $? = 0
configure:2883: result: no
configure:2888: checking for suffix of object files
configure:2910: gcc -c   conftest.c >&5
configure:2914: $? = 0
configure:2935: result: o
configure:2939: checking whether we are using the GNU C compiler
configure:2958: gcc -c   conftest.c >&5
configure:2958: $? = 0
configure:2967: result: yes
configure:2976: checking whether gcc accepts -g
configure:2996: gcc -c -g  conftest.c >&5
configure:2996: $? = 0
configure:3037: result: yes
configure:3054: checking for gcc option to accept ISO C89
configure:3117: gcc  -c -g -O2  conftest.c >&5
configure:3117: $? = 0
configure:3130: result: none needed
configure:3155: checking whether gcc understands -c and -o together
configure:3177: gcc -c conftest.c -o conftest2.o
configure:3180: $? = 0
configure:3177: gcc -c conftest.c -o conftest2.o
configure:3180: $? = 0
configure:3192: result: yes
configure:3212: checking whether make supports the include directive
configure:3227: make -f confmf.GNU && cat confinc.out
this is the am__doit target
configure:3230: $? = 0
configure:3249: result: yes (GNU style)
configure:3274: checking dependency style of gcc
configure:3385: result: gcc3
configure:3539: checking that generated files are newer than configure
configure:3545: result: done
configure:3568: creating ./config.status

## ---------------------- ##
## Running config.status. ##
## ---------------------- ##

This file was extended by tedit config.status 0.1, which was
generated by GNU Autoconf 2.69.  Invocation command line was

  CONFIG_FILES    = 
  CONFIG_HEADERS  = 
  CONFIG_LINKS    = 
  CONFIG_COMMANDS = 
  $ ./config.status 

on arch

config.status:768: creating Makefile
config.status:940: executing depfiles commands
config.status:1017: cd .       && sed -e '/# am--include-marker/d' Makefile         | make -f - am--depfiles
config.status:1022: $? = 0

## ---------------- ##
## Cache variables. ##
## ---------------- ##

ac_cv_c_compiler_gnu=yes
ac_cv_env_CC_set=
ac_cv_env_CC_value=
ac_cv_env_CFLAGS_set=
ac_cv_env_CFLAGS_value=
ac_cv_env_CPPFLAGS_set=
ac_cv_env_CPPFLAGS_value=
ac_cv_env_LDFLAGS_set=
ac_cv_env_LDFLAGS_value=
ac_cv_env_LIBS_set=
ac_cv_env_LIBS_value=
ac_cv_env_build_alias_set=
ac_cv_env_build_alias_value=
ac_cv_env_host_alias_set=
ac_cv_env_host_alias_value=
ac_cv_env_target_alias_set=
ac_cv_env_target_alias_value=
ac_cv_objext=o
ac_cv_path_install='/usr/bin/install -c'
ac_cv_path_mkdir=/usr/bin/mkdir
ac_cv_prog_AWK=gawk
ac_cv_prog_ac_ct_CC=gcc
ac_cv_prog_cc_c89=
ac_cv_prog_cc_g=yes
ac_cv_prog_make_make_set=yes
am_cv_CC_dependencies_compiler_type=gcc3
am_cv_make_support_nested_variables=yes
am_cv_prog_cc_c_o=yes

## ----------------- ##
## Output variables. ##
## ----------------- ##

ACLOCAL='aclocal-1.16'
AMDEPBACKSLASH='\'
AMDEP_FALSE='#'
AMDEP_TRUE=''
AMTAR='$${TAR-tar}'
AM_BACKSLASH='\'
AM_DEFAULT_V='$(AM_DEFAULT_VERBOSITY)'
AM_DEFAULT_VERBOSITY='1'
AM_V='$(V)'
AUTOCONF='autoconf'
AUTOHEADER='autoheader'
AUTOMAKE='automake-1.16'
AWK='gawk'
CC='gcc'
CCDEPMODE='depmode=gcc3'
CFLAGS='-g -O2'
CPPFLAGS=''
CYGPATH_W='echo'
DEFS='-DPACKAGE_NAME=\"tedit\" -DPACKAGE_TARNAME=\"tedit\" -DPACKAGE_VERSION=\"0.1\" -DPACKAGE_STRING=\"tedit\ 0.1\" -DPACKAGE_BUGREPORT=\"brahimi.sdhmd@gmail.com\" -DPACKAGE_URL=\"\" -DPACKAGE=\"tedit\" -DVERSION=\"0.1\"'
DEPDIR='.deps'
ECHO_C=''
ECHO_N='-n'
ECHO_T=''
EXEEXT=''
INSTALL_DATA='${INSTALL} -m 644'
INSTALL_PROGRAM='${INSTALL}'
INSTALL_SCRIPT='${INSTALL}'
INSTALL_STRIP_PROGRAM='$(install_sh) -c -s'
LDFLAGS=''
LIBOBJS=''
LIBS=''
LTLIBOBJS=''
MAKEINFO='makeinfo'
MKDIR_P='/usr/bin/mkdir -p'
OBJEXT='o'
PACKAGE='tedit'
PACKAGE_BUGREPORT='brahimi.sdhmd@gmail.com'
PACKAGE_NAME='tedit'
PACKAGE_STRING='tedit 0.1'
PACKAGE_TARNAME='tedit'
PACKAGE_URL=''
PACKAGE_VERSION='0.1'
PATH_SEPARATOR=':'
SET_MAKE=''
SHELL='/bin/sh'
STRIP=''
VERSION='0.1'
ac_ct_CC='gcc'
am__EXEEXT_FALSE=''
am__EXEEXT_TRUE='#'
am__fastdepCC_FALSE='#'
am__fastdepCC_TRUE=''
am__include='include'
am__isrc=''
am__leading_dot='.'
am__nodep='_no'
am__quote=''
am__tar='$${TAR-tar} chof - "$$tardir"'
am__untar='$${TAR-tar} xf -'
bindir='${exec_prefix}/bin'
build_alias=''
datadir='${datarootdir}'
datarootdir='${prefix}/share'
docdir='${datarootdir}/doc/${PACKAGE_TARNAME}'
dvidir='${docdir}'
exec_prefix='${prefix}'
host_alias=''
htmldir='${docdir}'
includedir='${prefix}/include'
infodir='${datarootdir}/info'
install_sh='${SHELL} /home/larbs/Projects/tedit/install-sh'
libdir='${exec_prefix}/lib'
libexecdir='${exec_prefix}/libexec'
localedir='${datarootdir}/locale'
localstatedir='${prefix}/var'
mandir='${datarootdir}/man'
mkdir_p='$(MKDIR_P)'
oldincludedir='/usr/include'
pdfdir='${docdir}'
prefix='/usr/local'
program_transform_name='s,x,x,'
psdir='${docdir}'
sbindir='${exec_prefix}/sbin'
sharedstatedir='${prefix}/com'
sysconfdir='${prefix}/etc'
target_alias=''

## ----------- ##
## confdefs.h. ##
## ----------- ##

/* confdefs.h */
#define PACKAGE_NAME "tedit"
#define PACKAGE_TARNAME "tedit"
#define PACKAGE_VERSION "0.1"
#define PACKAGE_STRING "tedit 0.1"
#define PACKAGE_BUGREPORT "brahimi.sdhmd@gmail.com"
#define PACKAGE_URL ""
#define PACKAGE "tedit"
#define VERSION "0.1"

configure: exit 0
